[2021-04-23T10:54:13.012] [ERROR] application - Error: ENOENT: no such file or directory, mkdir 'F:\ZFrame/static/image/move.jpg'
    at Object.mkdirSync (fs.js:987:3)
    at Function.move (F:\ZFrame\lib\FileHelper.js:46:10)
    at F:\ZFrame\app\api\v1\testRun.js:128:23
    at dispatch (F:\ZFrame\node_modules\koa-compose\index.js:42:32)
    at F:\ZFrame\node_modules\koa-router\lib\router.js:372:16
    at dispatch (F:\ZFrame\node_modules\koa-compose\index.js:42:32)
    at F:\ZFrame\node_modules\koa-compose\index.js:34:12
    at dispatch (F:\ZFrame\node_modules\koa-router\lib\router.js:377:31)
    at dispatch (F:\ZFrame\node_modules\koa-compose\index.js:42:32)
    at serve (F:\ZFrame\node_modules\koa-static\index.js:53:15)
    at async F:\ZFrame\node_modules\koa-log4\koa-logger.js:86:7
    at async catchError (F:\ZFrame\core\exception.js:12:5) {
  errno: -4058,
  syscall: 'mkdir',
  code: 'ENOENT',
  path: 'F:\\ZFrame/static/image/move.jpg'
}
[2021-04-23T10:56:23.303] [ERROR] application - TypeError [ERR_INVALID_ARG_TYPE]: The "data" argument must be of type string or an instance of Buffer, TypedArray, or DataView. Received undefined
    at Object.writeFileSync (fs.js:1460:5)
    at Function.move (F:\ZFrame\lib\FileHelper.js:46:10)
    at F:\ZFrame\app\api\v1\testRun.js:128:23
    at dispatch (F:\ZFrame\node_modules\koa-compose\index.js:42:32)
    at F:\ZFrame\node_modules\koa-router\lib\router.js:372:16
    at dispatch (F:\ZFrame\node_modules\koa-compose\index.js:42:32)
    at F:\ZFrame\node_modules\koa-compose\index.js:34:12
    at dispatch (F:\ZFrame\node_modules\koa-router\lib\router.js:377:31)
    at dispatch (F:\ZFrame\node_modules\koa-compose\index.js:42:32)
    at serve (F:\ZFrame\node_modules\koa-static\index.js:53:15)
    at async F:\ZFrame\node_modules\koa-log4\koa-logger.js:86:7
    at async catchError (F:\ZFrame\core\exception.js:12:5) {
  code: 'ERR_INVALID_ARG_TYPE'
}
[2021-04-23T11:06:34.024] [ERROR] application - Error: ENOENT: no such file or directory, open 'F:\ZFrame/static/image/move.jpg'
    at Object.openSync (fs.js:476:3)
    at Object.writeFileSync (fs.js:1467:35)
    at Function.move (F:\ZFrame\lib\FileHelper.js:46:10)
    at F:\ZFrame\app\api\v1\testRun.js:128:23
    at dispatch (F:\ZFrame\node_modules\koa-compose\index.js:42:32)
    at F:\ZFrame\node_modules\koa-router\lib\router.js:372:16
    at dispatch (F:\ZFrame\node_modules\koa-compose\index.js:42:32)
    at F:\ZFrame\node_modules\koa-compose\index.js:34:12
    at dispatch (F:\ZFrame\node_modules\koa-router\lib\router.js:377:31)
    at dispatch (F:\ZFrame\node_modules\koa-compose\index.js:42:32)
    at serve (F:\ZFrame\node_modules\koa-static\index.js:53:15)
    at async F:\ZFrame\node_modules\koa-log4\koa-logger.js:86:7
    at async catchError (F:\ZFrame\core\exception.js:12:5) {
  errno: -4058,
  syscall: 'open',
  code: 'ENOENT',
  path: 'F:\\ZFrame/static/image/move.jpg'
}
