[2021-04-22T17:45:04.237] [ERROR] application - TypeError: Cannot read property 'file' of undefined
    at F:\ZFrame\app\api\v1\testRun.js:119:32
    at dispatch (F:\ZFrame\node_modules\koa-compose\index.js:42:32)
    at F:\ZFrame\node_modules\koa-router\lib\router.js:372:16
    at dispatch (F:\ZFrame\node_modules\koa-compose\index.js:42:32)
    at F:\ZFrame\node_modules\koa-compose\index.js:34:12
    at dispatch (F:\ZFrame\node_modules\koa-router\lib\router.js:377:31)
    at dispatch (F:\ZFrame\node_modules\koa-compose\index.js:42:32)
    at serve (F:\ZFrame\node_modules\koa-static\index.js:53:15)
    at dispatch (F:\ZFrame\node_modules\koa-compose\index.js:42:32)
    at F:\ZFrame\node_modules\koa-body\index.js:148:14
    at processTicksAndRejections (internal/process/task_queues.js:93:5)
    at async F:\ZFrame\node_modules\koa-log4\koa-logger.js:86:7
    at async catchError (F:\ZFrame\core\exception.js:12:5)
[2021-04-22T17:45:32.128] [ERROR] application - TypeError: Cannot read property 'file' of undefined
    at F:\ZFrame\app\api\v1\testRun.js:119:32
    at dispatch (F:\ZFrame\node_modules\koa-compose\index.js:42:32)
    at F:\ZFrame\node_modules\koa-router\lib\router.js:372:16
    at dispatch (F:\ZFrame\node_modules\koa-compose\index.js:42:32)
    at F:\ZFrame\node_modules\koa-compose\index.js:34:12
    at dispatch (F:\ZFrame\node_modules\koa-router\lib\router.js:377:31)
    at dispatch (F:\ZFrame\node_modules\koa-compose\index.js:42:32)
    at serve (F:\ZFrame\node_modules\koa-static\index.js:53:15)
    at dispatch (F:\ZFrame\node_modules\koa-compose\index.js:42:32)
    at F:\ZFrame\node_modules\koa-body\index.js:148:14
    at processTicksAndRejections (internal/process/task_queues.js:93:5)
    at async F:\ZFrame\node_modules\koa-log4\koa-logger.js:86:7
    at async catchError (F:\ZFrame\core\exception.js:12:5)
